Event #53
----------------------------------------
Time: 12/04/2025 20:40:14
Log: Application
Level: Information
Event ID: 1001
Provider: Windows Error Reporting
Process ID: 0
Thread ID: 0

Message:
Fault bucket 1379467929061685814, type 4
Event Name: APPCRASH
Response: Not available
Cab Id: 0

Problem signature:
P1: explorer.exe
P2: 10.0.19041.6456
P3: fbcace5c
P4: shcore.dll
P5: 10.0.19041.5794
P6: e8391836
P7: c0000005
P8: 0000000000028137
P9: 
P10: 

Attached files:
\\?\C:\ProgramData\Microsoft\Windows\WER\Temp\WERAC38.tmp.mdmp
\\?\C:\ProgramData\Microsoft\Windows\WER\Temp\WERB0DC.tmp.WERInternalMetadata.xml
\\?\C:\ProgramData\Microsoft\Windows\WER\Temp\WERB16A.tmp.xml
\\?\C:\ProgramData\Microsoft\Windows\WER\Temp\WERB16A.tmp.csv
\\?\C:\ProgramData\Microsoft\Windows\WER\Temp\WERB1B9.tmp.txt
\\?\C:\Users\Buffe\AppData\Local\Temp\WERB237.tmp.appcompat.txt
\\?\C:\ProgramData\Microsoft\Windows\WER\ReportQueue\AppCrash_explorer.exe_8dd6e8efdb8e25bb921ff14af3a35ce11c7219_35bf31f6_cab_74cd1ac9-4eda-4a72-b431-397bfffe65e2\memory.hdmp

These files may be available here:
\\?\C:\ProgramData\Microsoft\Windows\WER\ReportArchive\AppCrash_explorer.exe_8dd6e8efdb8e25bb921ff14af3a35ce11c7219_35bf31f6_74cd1ac9-4eda-4a72-b431-397bfffe65e2

Analysis symbol: 
Rechecking for solution: 0
Report Id: a1a7aa8d-f6fa-4bca-bc4e-8069ad5ab64c
Report Status: 268435456
Hashed bucket: fa3a0651ae1321b2f324dac5d2c3fa36
Cab Guid: 0
Additional Data:


Event #127
----------------------------------------
Time: 12/04/2025 20:40:14
Log: Application (WER)
Level: Information
Event ID: 1001
Provider: Windows Error Reporting
Process ID: 0
Thread ID: 0

Message:
Fault bucket 1379467929061685814, type 4
Event Name: APPCRASH
Response: Not available
Cab Id: 0

Problem signature:
P1: explorer.exe
P2: 10.0.19041.6456
P3: fbcace5c
P4: shcore.dll
P5: 10.0.19041.5794
P6: e8391836
P7: c0000005
P8: 0000000000028137
P9: 
P10: 

Attached files:
\\?\C:\ProgramData\Microsoft\Windows\WER\Temp\WERAC38.tmp.mdmp
\\?\C:\ProgramData\Microsoft\Windows\WER\Temp\WERB0DC.tmp.WERInternalMetadata.xml
\\?\C:\ProgramData\Microsoft\Windows\WER\Temp\WERB16A.tmp.xml
\\?\C:\ProgramData\Microsoft\Windows\WER\Temp\WERB16A.tmp.csv
\\?\C:\ProgramData\Microsoft\Windows\WER\Temp\WERB1B9.tmp.txt
\\?\C:\Users\Buffe\AppData\Local\Temp\WERB237.tmp.appcompat.txt
\\?\C:\ProgramData\Microsoft\Windows\WER\ReportQueue\AppCrash_explorer.exe_8dd6e8efdb8e25bb921ff14af3a35ce11c7219_35bf31f6_cab_74cd1ac9-4eda-4a72-b431-397bfffe65e2\memory.hdmp

These files may be available here:
\\?\C:\ProgramData\Microsoft\Windows\WER\ReportArchive\AppCrash_explorer.exe_8dd6e8efdb8e25bb921ff14af3a35ce11c7219_35bf31f6_74cd1ac9-4eda-4a72-b431-397bfffe65e2

Analysis symbol: 
Rechecking for solution: 0
Report Id: a1a7aa8d-f6fa-4bca-bc4e-8069ad5ab64c
Report Status: 268435456
Hashed bucket: fa3a0651ae1321b2f324dac5d2c3fa36
Cab Guid: 0
Additional Data:


Event #128
----------------------------------------
Time: 12/04/2025 20:40:14
Log: Application (WER)
Level: Information
Event ID: 1001
Provider: Windows Error Reporting
Process ID: 0
Thread ID: 0

Message:
Fault bucket , type 0
Event Name: APPCRASH
Response: Not available
Cab Id: 0

Problem signature:
P1: explorer.exe
P2: 10.0.19041.6456
P3: fbcace5c
P4: shcore.dll
P5: 10.0.19041.5794
P6: e8391836
P7: c0000005
P8: 0000000000028137
P9: 
P10: 

Attached files:
\\?\C:\ProgramData\Microsoft\Windows\WER\Temp\WERAC38.tmp.mdmp
\\?\C:\ProgramData\Microsoft\Windows\WER\Temp\WERB0DC.tmp.WERInternalMetadata.xml
\\?\C:\ProgramData\Microsoft\Windows\WER\Temp\WERB16A.tmp.xml
\\?\C:\ProgramData\Microsoft\Windows\WER\Temp\WERB16A.tmp.csv
\\?\C:\ProgramData\Microsoft\Windows\WER\Temp\WERB1B9.tmp.txt
\\?\C:\Users\Buffe\AppData\Local\Temp\WERB237.tmp.appcompat.txt
\\?\C:\ProgramData\Microsoft\Windows\WER\ReportQueue\AppCrash_explorer.exe_8dd6e8efdb8e25bb921ff14af3a35ce11c7219_35bf31f6_cab_74cd1ac9-4eda-4a72-b431-397bfffe65e2\memory.hdmp

These files may be available here:
\\?\C:\ProgramData\Microsoft\Windows\WER\ReportQueue\AppCrash_explorer.exe_8dd6e8efdb8e25bb921ff14af3a35ce11c7219_35bf31f6_cab_74cd1ac9-4eda-4a72-b431-397bfffe65e2

Analysis symbol: 
Rechecking for solution: 0
Report Id: a1a7aa8d-f6fa-4bca-bc4e-8069ad5ab64c
Report Status: 4
Hashed bucket: 
Cab Guid: 0
Additional Data:


Event #54
----------------------------------------
Time: 12/04/2025 20:40:14
Log: Application
Level: Information
Event ID: 1001
Provider: Windows Error Reporting
Process ID: 0
Thread ID: 0

Message:
Fault bucket , type 0
Event Name: APPCRASH
Response: Not available
Cab Id: 0

Problem signature:
P1: explorer.exe
P2: 10.0.19041.6456
P3: fbcace5c
P4: shcore.dll
P5: 10.0.19041.5794
P6: e8391836
P7: c0000005
P8: 0000000000028137
P9: 
P10: 

Attached files:
\\?\C:\ProgramData\Microsoft\Windows\WER\Temp\WERAC38.tmp.mdmp
\\?\C:\ProgramData\Microsoft\Windows\WER\Temp\WERB0DC.tmp.WERInternalMetadata.xml
\\?\C:\ProgramData\Microsoft\Windows\WER\Temp\WERB16A.tmp.xml
\\?\C:\ProgramData\Microsoft\Windows\WER\Temp\WERB16A.tmp.csv
\\?\C:\ProgramData\Microsoft\Windows\WER\Temp\WERB1B9.tmp.txt
\\?\C:\Users\Buffe\AppData\Local\Temp\WERB237.tmp.appcompat.txt
\\?\C:\ProgramData\Microsoft\Windows\WER\ReportQueue\AppCrash_explorer.exe_8dd6e8efdb8e25bb921ff14af3a35ce11c7219_35bf31f6_cab_74cd1ac9-4eda-4a72-b431-397bfffe65e2\memory.hdmp

These files may be available here:
\\?\C:\ProgramData\Microsoft\Windows\WER\ReportQueue\AppCrash_explorer.exe_8dd6e8efdb8e25bb921ff14af3a35ce11c7219_35bf31f6_cab_74cd1ac9-4eda-4a72-b431-397bfffe65e2

Analysis symbol: 
Rechecking for solution: 0
Report Id: a1a7aa8d-f6fa-4bca-bc4e-8069ad5ab64c
Report Status: 4
Hashed bucket: 
Cab Guid: 0
Additional Data:


Event #55
----------------------------------------
Time: 12/04/2025 20:40:10
Log: Application
Level: Error
Event ID: 1000
Provider: Application Error
Process ID: 0
Thread ID: 0

Message:
Faulting application name: explorer.exe, version: 10.0.19041.6456, time stamp: 0xfbcace5c
Faulting module name: shcore.dll, version: 10.0.19041.5794, time stamp: 0xe8391836
Exception code: 0xc0000005
Fault offset: 0x0000000000028137
Faulting process id: 0xbd50
Faulting application start time: 0x01dc659062f219e2
Faulting application path: C:\Windows\explorer.exe
Faulting module path: C:\Windows\System32\shcore.dll
Report Id: a1a7aa8d-f6fa-4bca-bc4e-8069ad5ab64c
Faulting package full name: 
Faulting package-relative application ID: 
Additional Data:


Event #56
----------------------------------------
Time: 12/04/2025 20:39:32
Log: Application
Level: Information
Event ID: 1001
Provider: Windows Error Reporting
Process ID: 0
Thread ID: 0

Message:
Fault bucket 1358077005801851889, type 4
Event Name: APPCRASH
Response: Not available
Cab Id: 0

Problem signature:
P1: explorer.exe
P2: 10.0.19041.6456
P3: fbcace5c
P4: SHELL32.dll
P5: 10.0.19041.6456
P6: 9ee39b73
P7: c0000005
P8: 000000000025489b
P9: 
P10: 

Attached files:
\\?\C:\ProgramData\Microsoft\Windows\WER\Temp\WER11CD.tmp.WERInternalMetadata.xml

These files may be available here:
\\?\C:\ProgramData\Microsoft\Windows\WER\ReportArchive\AppCrash_explorer.exe_8b70ca4a723121343f0441fa139dac4c3b1586_35bf31f6_b6256b4e-f054-4b77-8edc-4512cc528c23

Analysis symbol: 
Rechecking for solution: 0
Report Id: 719fe2dc-d7e9-4351-9dca-f9015e5659e6
Report Status: 268439552
Hashed bucket: d7785b17df38518462d8dbd764720bf1
Cab Guid: 0
Additional Data:


Event #129
----------------------------------------
Time: 12/04/2025 20:39:32
Log: Application (WER)
Level: Information
Event ID: 1001
Provider: Windows Error Reporting
Process ID: 0
Thread ID: 0

Message:
Fault bucket 1358077005801851889, type 4
Event Name: APPCRASH
Response: Not available
Cab Id: 0

Problem signature:
P1: explorer.exe
P2: 10.0.19041.6456
P3: fbcace5c
P4: SHELL32.dll
P5: 10.0.19041.6456
P6: 9ee39b73
P7: c0000005
P8: 000000000025489b
P9: 
P10: 

Attached files:
\\?\C:\ProgramData\Microsoft\Windows\WER\Temp\WER11CD.tmp.WERInternalMetadata.xml

These files may be available here:
\\?\C:\ProgramData\Microsoft\Windows\WER\ReportArchive\AppCrash_explorer.exe_8b70ca4a723121343f0441fa139dac4c3b1586_35bf31f6_b6256b4e-f054-4b77-8edc-4512cc528c23

Analysis symbol: 
Rechecking for solution: 0
Report Id: 719fe2dc-d7e9-4351-9dca-f9015e5659e6
Report Status: 268439552
Hashed bucket: d7785b17df38518462d8dbd764720bf1
Cab Guid: 0
Additional Data:


Event #130
----------------------------------------
Time: 12/04/2025 20:39:31
Log: Application (WER)
Level: Information
Event ID: 1001
Provider: Windows Error Reporting
Process ID: 0
Thread ID: 0

Message:
Fault bucket , type 0
Event Name: APPCRASH
Response: Not available
Cab Id: 0

Problem signature:
P1: explorer.exe
P2: 10.0.19041.6456
P3: fbcace5c
P4: SHELL32.dll
P5: 10.0.19041.6456
P6: 9ee39b73
P7: c0000005
P8: 000000000025489b
P9: 
P10: 

Attached files:

These files may be available here:
\\?\C:\ProgramData\Microsoft\Windows\WER\ReportQueue\AppCrash_explorer.exe_8b70ca4a723121343f0441fa139dac4c3b1586_35bf31f6_b6256b4e-f054-4b77-8edc-4512cc528c23

Analysis symbol: 
Rechecking for solution: 0
Report Id: 719fe2dc-d7e9-4351-9dca-f9015e5659e6
Report Status: 4100
Hashed bucket: 
Cab Guid: 0
Additional Data:


Event #57
----------------------------------------
Time: 12/04/2025 20:39:31
Log: Application
Level: Information
Event ID: 1001
Provider: Windows Error Reporting
Process ID: 0
Thread ID: 0

Message:
Fault bucket , type 0
Event Name: APPCRASH
Response: Not available
Cab Id: 0

Problem signature:
P1: explorer.exe
P2: 10.0.19041.6456
P3: fbcace5c
P4: SHELL32.dll
P5: 10.0.19041.6456
P6: 9ee39b73
P7: c0000005
P8: 000000000025489b
P9: 
P10: 

Attached files:

These files may be available here:
\\?\C:\ProgramData\Microsoft\Windows\WER\ReportQueue\AppCrash_explorer.exe_8b70ca4a723121343f0441fa139dac4c3b1586_35bf31f6_b6256b4e-f054-4b77-8edc-4512cc528c23

Analysis symbol: 
Rechecking for solution: 0
Report Id: 719fe2dc-d7e9-4351-9dca-f9015e5659e6
Report Status: 4100
Hashed bucket: 
Cab Guid: 0
Additional Data:


Event #58
----------------------------------------
Time: 12/04/2025 20:39:29
Log: Application
Level: Error
Event ID: 1000
Provider: Application Error
Process ID: 0
Thread ID: 0

Message:
Faulting application name: explorer.exe, version: 10.0.19041.6456, time stamp: 0xfbcace5c
Faulting module name: SHELL32.dll, version: 10.0.19041.6456, time stamp: 0x9ee39b73
Exception code: 0xc0000005
Fault offset: 0x000000000025489b
Faulting process id: 0x2428
Faulting application start time: 0x01dc658de117ea8a
Faulting application path: C:\Windows\explorer.exe
Faulting module path: C:\Windows\System32\SHELL32.dll
Report Id: 719fe2dc-d7e9-4351-9dca-f9015e5659e6
Faulting package full name: 
Faulting package-relative application ID: 
Additional Data:


Event #131
----------------------------------------
Time: 12/04/2025 20:21:35
Log: Application (WER)
Level: Information
Event ID: 1001
Provider: Windows Error Reporting
Process ID: 0
Thread ID: 0

Message:
Fault bucket 1379467929061685814, type 4
Event Name: APPCRASH
Response: Not available
Cab Id: 0

Problem signature:
P1: explorer.exe
P2: 10.0.19041.6456
P3: fbcace5c
P4: shcore.dll
P5: 10.0.19041.5794
P6: e8391836
P7: c0000005
P8: 0000000000028137
P9: 
P10: 

Attached files:
\\?\C:\ProgramData\Microsoft\Windows\WER\Temp\WER9519.tmp.mdmp
\\?\C:\ProgramData\Microsoft\Windows\WER\Temp\WER9A79.tmp.WERInternalMetadata.xml
\\?\C:\ProgramData\Microsoft\Windows\WER\Temp\WER9B16.tmp.xml
\\?\C:\ProgramData\Microsoft\Windows\WER\Temp\WER9B23.tmp.csv
\\?\C:\ProgramData\Microsoft\Windows\WER\Temp\WER9B92.tmp.txt
\\?\C:\Users\Buffe\AppData\Local\Temp\WER9C21.tmp.appcompat.txt
\\?\C:\ProgramData\Microsoft\Windows\WER\ReportQueue\AppCrash_explorer.exe_8dd6e8efdb8e25bb921ff14af3a35ce11c7219_35bf31f6_cab_c41bc47e-de96-4970-a00a-f1325c8ad2fe\memory.hdmp

These files may be available here:
\\?\C:\ProgramData\Microsoft\Windows\WER\ReportArchive\AppCrash_explorer.exe_8dd6e8efdb8e25bb921ff14af3a35ce11c7219_35bf31f6_c41bc47e-de96-4970-a00a-f1325c8ad2fe

Analysis symbol: 
Rechecking for solution: 0
Report Id: 154dbcc7-c4c5-4ffb-8e66-87914f5f6179
Report Status: 268435456
Hashed bucket: fa3a0651ae1321b2f324dac5d2c3fa36
Cab Guid: 0
Additional Data:


Event #59
----------------------------------------
Time: 12/04/2025 20:21:35
Log: Application
Level: Information
Event ID: 1001
Provider: Windows Error Reporting
Process ID: 0
Thread ID: 0

Message:
Fault bucket 1379467929061685814, type 4
Event Name: APPCRASH
Response: Not available
Cab Id: 0

Problem signature:
P1: explorer.exe
P2: 10.0.19041.6456
P3: fbcace5c
P4: shcore.dll
P5: 10.0.19041.5794
P6: e8391836
P7: c0000005
P8: 0000000000028137
P9: 
P10: 

Attached files:
\\?\C:\ProgramData\Microsoft\Windows\WER\Temp\WER9519.tmp.mdmp
\\?\C:\ProgramData\Microsoft\Windows\WER\Temp\WER9A79.tmp.WERInternalMetadata.xml
\\?\C:\ProgramData\Microsoft\Windows\WER\Temp\WER9B16.tmp.xml
\\?\C:\ProgramData\Microsoft\Windows\WER\Temp\WER9B23.tmp.csv
\\?\C:\ProgramData\Microsoft\Windows\WER\Temp\WER9B92.tmp.txt
\\?\C:\Users\Buffe\AppData\Local\Temp\WER9C21.tmp.appcompat.txt
\\?\C:\ProgramData\Microsoft\Windows\WER\ReportQueue\AppCrash_explorer.exe_8dd6e8efdb8e25bb921ff14af3a35ce11c7219_35bf31f6_cab_c41bc47e-de96-4970-a00a-f1325c8ad2fe\memory.hdmp

These files may be available here:
\\?\C:\ProgramData\Microsoft\Windows\WER\ReportArchive\AppCrash_explorer.exe_8dd6e8efdb8e25bb921ff14af3a35ce11c7219_35bf31f6_c41bc47e-de96-4970-a00a-f1325c8ad2fe

Analysis symbol: 
Rechecking for solution: 0
Report Id: 154dbcc7-c4c5-4ffb-8e66-87914f5f6179
Report Status: 268435456
Hashed bucket: fa3a0651ae1321b2f324dac5d2c3fa36
Cab Guid: 0
Additional Data:


Event #132
----------------------------------------
Time: 12/04/2025 20:21:34
Log: Application (WER)
Level: Information
Event ID: 1001
Provider: Windows Error Reporting
Process ID: 0
Thread ID: 0

Message:
Fault bucket , type 0
Event Name: APPCRASH
Response: Not available
Cab Id: 0

Problem signature:
P1: explorer.exe
P2: 10.0.19041.6456
P3: fbcace5c
P4: shcore.dll
P5: 10.0.19041.5794
P6: e8391836
P7: c0000005
P8: 0000000000028137
P9: 
P10: 

Attached files:
\\?\C:\ProgramData\Microsoft\Windows\WER\Temp\WER9519.tmp.mdmp
\\?\C:\ProgramData\Microsoft\Windows\WER\Temp\WER9A79.tmp.WERInternalMetadata.xml
\\?\C:\ProgramData\Microsoft\Windows\WER\Temp\WER9B16.tmp.xml
\\?\C:\ProgramData\Microsoft\Windows\WER\Temp\WER9B23.tmp.csv
\\?\C:\ProgramData\Microsoft\Windows\WER\Temp\WER9B92.tmp.txt
\\?\C:\Users\Buffe\AppData\Local\Temp\WER9C21.tmp.appcompat.txt
\\?\C:\ProgramData\Microsoft\Windows\WER\ReportQueue\AppCrash_explorer.exe_8dd6e8efdb8e25bb921ff14af3a35ce11c7219_35bf31f6_cab_c41bc47e-de96-4970-a00a-f1325c8ad2fe\memory.hdmp

These files may be available here:
\\?\C:\ProgramData\Microsoft\Windows\WER\ReportQueue\AppCrash_explorer.exe_8dd6e8efdb8e25bb921ff14af3a35ce11c7219_35bf31f6_cab_c41bc47e-de96-4970-a00a-f1325c8ad2fe

Analysis symbol: 
Rechecking for solution: 0
Report Id: 154dbcc7-c4c5-4ffb-8e66-87914f5f6179
Report Status: 4
Hashed bucket: 
Cab Guid: 0
Additional Data:


Event #60
----------------------------------------
Time: 12/04/2025 20:21:34
Log: Application
Level: Information
Event ID: 1001
Provider: Windows Error Reporting
Process ID: 0
Thread ID: 0

Message:
Fault bucket , type 0
Event Name: APPCRASH
Response: Not available
Cab Id: 0

Problem signature:
P1: explorer.exe
P2: 10.0.19041.6456
P3: fbcace5c
P4: shcore.dll
P5: 10.0.19041.5794
P6: e8391836
P7: c0000005
P8: 0000000000028137
P9: 
P10: 

Attached files:
\\?\C:\ProgramData\Microsoft\Windows\WER\Temp\WER9519.tmp.mdmp
\\?\C:\ProgramData\Microsoft\Windows\WER\Temp\WER9A79.tmp.WERInternalMetadata.xml
\\?\C:\ProgramData\Microsoft\Windows\WER\Temp\WER9B16.tmp.xml
\\?\C:\ProgramData\Microsoft\Windows\WER\Temp\WER9B23.tmp.csv
\\?\C:\ProgramData\Microsoft\Windows\WER\Temp\WER9B92.tmp.txt
\\?\C:\Users\Buffe\AppData\Local\Temp\WER9C21.tmp.appcompat.txt
\\?\C:\ProgramData\Microsoft\Windows\WER\ReportQueue\AppCrash_explorer.exe_8dd6e8efdb8e25bb921ff14af3a35ce11c7219_35bf31f6_cab_c41bc47e-de96-4970-a00a-f1325c8ad2fe\memory.hdmp

These files may be available here:
\\?\C:\ProgramData\Microsoft\Windows\WER\ReportQueue\AppCrash_explorer.exe_8dd6e8efdb8e25bb921ff14af3a35ce11c7219_35bf31f6_cab_c41bc47e-de96-4970-a00a-f1325c8ad2fe

Analysis symbol: 
Rechecking for solution: 0
Report Id: 154dbcc7-c4c5-4ffb-8e66-87914f5f6179
Report Status: 4
Hashed bucket: 
Cab Guid: 0
Additional Data:


Event #61
----------------------------------------
Time: 12/04/2025 20:21:30
Log: Application
Level: Error
Event ID: 1000
Provider: Application Error
Process ID: 0
Thread ID: 0

Message:
Faulting application name: explorer.exe, version: 10.0.19041.6456, time stamp: 0xfbcace5c
Faulting module name: shcore.dll, version: 10.0.19041.5794, time stamp: 0xe8391836
Exception code: 0xc0000005
Fault offset: 0x0000000000028137
Faulting process id: 0x13700
Faulting application start time: 0x01dc658d31e434cb
Faulting application path: C:\Windows\explorer.exe
Faulting module path: C:\Windows\System32\shcore.dll
Report Id: 154dbcc7-c4c5-4ffb-8e66-87914f5f6179
Faulting package full name: 
Faulting package-relative application ID: 
Additional Data:


Event #133
----------------------------------------
Time: 12/04/2025 20:10:16
Log: Application (WER)
Level: Information
Event ID: 1001
Provider: Windows Error Reporting
Process ID: 0
Thread ID: 0

Message:
Fault bucket 1379467929061685814, type 4
Event Name: APPCRASH
Response: Not available
Cab Id: 0

Problem signature:
P1: explorer.exe
P2: 10.0.19041.6456
P3: fbcace5c
P4: shcore.dll
P5: 10.0.19041.5794
P6: e8391836
P7: c0000005
P8: 0000000000028137
P9: 
P10: 

Attached files:
\\?\C:\ProgramData\Microsoft\Windows\WER\Temp\WER3A95.tmp.mdmp
\\?\C:\ProgramData\Microsoft\Windows\WER\Temp\WER3F78.tmp.WERInternalMetadata.xml
\\?\C:\ProgramData\Microsoft\Windows\WER\Temp\WER4016.tmp.xml
\\?\C:\ProgramData\Microsoft\Windows\WER\Temp\WER4014.tmp.csv
\\?\C:\ProgramData\Microsoft\Windows\WER\Temp\WER4063.tmp.txt
\\?\C:\Users\Buffe\AppData\Local\Temp\WER40F2.tmp.appcompat.txt
\\?\C:\ProgramData\Microsoft\Windows\WER\ReportQueue\AppCrash_explorer.exe_8dd6e8efdb8e25bb921ff14af3a35ce11c7219_35bf31f6_cab_3f0f6a26-9370-42f8-9d03-18cd73441e92\memory.hdmp

These files may be available here:
\\?\C:\ProgramData\Microsoft\Windows\WER\ReportArchive\AppCrash_explorer.exe_8dd6e8efdb8e25bb921ff14af3a35ce11c7219_35bf31f6_3f0f6a26-9370-42f8-9d03-18cd73441e92

Analysis symbol: 
Rechecking for solution: 0
Report Id: 27b61ab2-94f4-47a6-833f-928f40588d35
Report Status: 268435456
Hashed bucket: fa3a0651ae1321b2f324dac5d2c3fa36
Cab Guid: 0
Additional Data:


Event #62
----------------------------------------
Time: 12/04/2025 20:10:16
Log: Application
Level: Information
Event ID: 1001
Provider: Windows Error Reporting
Process ID: 0
Thread ID: 0

Message:
Fault bucket 1379467929061685814, type 4
Event Name: APPCRASH
Response: Not available
Cab Id: 0

Problem signature:
P1: explorer.exe
P2: 10.0.19041.6456
P3: fbcace5c
P4: shcore.dll
P5: 10.0.19041.5794
P6: e8391836
P7: c0000005
P8: 0000000000028137
P9: 
P10: 

Attached files:
\\?\C:\ProgramData\Microsoft\Windows\WER\Temp\WER3A95.tmp.mdmp
\\?\C:\ProgramData\Microsoft\Windows\WER\Temp\WER3F78.tmp.WERInternalMetadata.xml
\\?\C:\ProgramData\Microsoft\Windows\WER\Temp\WER4016.tmp.xml
\\?\C:\ProgramData\Microsoft\Windows\WER\Temp\WER4014.tmp.csv
\\?\C:\ProgramData\Microsoft\Windows\WER\Temp\WER4063.tmp.txt
\\?\C:\Users\Buffe\AppData\Local\Temp\WER40F2.tmp.appcompat.txt
\\?\C:\ProgramData\Microsoft\Windows\WER\ReportQueue\AppCrash_explorer.exe_8dd6e8efdb8e25bb921ff14af3a35ce11c7219_35bf31f6_cab_3f0f6a26-9370-42f8-9d03-18cd73441e92\memory.hdmp

These files may be available here:
\\?\C:\ProgramData\Microsoft\Windows\WER\ReportArchive\AppCrash_explorer.exe_8dd6e8efdb8e25bb921ff14af3a35ce11c7219_35bf31f6_3f0f6a26-9370-42f8-9d03-18cd73441e92

Analysis symbol: 
Rechecking for solution: 0
Report Id: 27b61ab2-94f4-47a6-833f-928f40588d35
Report Status: 268435456
Hashed bucket: fa3a0651ae1321b2f324dac5d2c3fa36
Cab Guid: 0
Additional Data:


Event #134
----------------------------------------
Time: 12/04/2025 20:10:15
Log: Application (WER)
Level: Information
Event ID: 1001
Provider: Windows Error Reporting
Process ID: 0
Thread ID: 0

Message:
Fault bucket , type 0
Event Name: APPCRASH
Response: Not available
Cab Id: 0

Problem signature:
P1: explorer.exe
P2: 10.0.19041.6456
P3: fbcace5c
P4: shcore.dll
P5: 10.0.19041.5794
P6: e8391836
P7: c0000005
P8: 0000000000028137
P9: 
P10: 

Attached files:
\\?\C:\ProgramData\Microsoft\Windows\WER\Temp\WER3A95.tmp.mdmp
\\?\C:\ProgramData\Microsoft\Windows\WER\Temp\WER3F78.tmp.WERInternalMetadata.xml
\\?\C:\ProgramData\Microsoft\Windows\WER\Temp\WER4016.tmp.xml
\\?\C:\ProgramData\Microsoft\Windows\WER\Temp\WER4014.tmp.csv
\\?\C:\ProgramData\Microsoft\Windows\WER\Temp\WER4063.tmp.txt
\\?\C:\Users\Buffe\AppData\Local\Temp\WER40F2.tmp.appcompat.txt
\\?\C:\ProgramData\Microsoft\Windows\WER\ReportQueue\AppCrash_explorer.exe_8dd6e8efdb8e25bb921ff14af3a35ce11c7219_35bf31f6_cab_3f0f6a26-9370-42f8-9d03-18cd73441e92\memory.hdmp

These files may be available here:
\\?\C:\ProgramData\Microsoft\Windows\WER\ReportQueue\AppCrash_explorer.exe_8dd6e8efdb8e25bb921ff14af3a35ce11c7219_35bf31f6_cab_3f0f6a26-9370-42f8-9d03-18cd73441e92

Analysis symbol: 
Rechecking for solution: 0
Report Id: 27b61ab2-94f4-47a6-833f-928f40588d35
Report Status: 4
Hashed bucket: 
Cab Guid: 0
Additional Data:


Event #63
----------------------------------------
Time: 12/04/2025 20:10:15
Log: Application
Level: Information
Event ID: 1001
Provider: Windows Error Reporting
Process ID: 0
Thread ID: 0

Message:
Fault bucket , type 0
Event Name: APPCRASH
Response: Not available
Cab Id: 0

Problem signature:
P1: explorer.exe
P2: 10.0.19041.6456
P3: fbcace5c
P4: shcore.dll
P5: 10.0.19041.5794
P6: e8391836
P7: c0000005
P8: 0000000000028137
P9: 
P10: 

Attached files:
\\?\C:\ProgramData\Microsoft\Windows\WER\Temp\WER3A95.tmp.mdmp
\\?\C:\ProgramData\Microsoft\Windows\WER\Temp\WER3F78.tmp.WERInternalMetadata.xml
\\?\C:\ProgramData\Microsoft\Windows\WER\Temp\WER4016.tmp.xml
\\?\C:\ProgramData\Microsoft\Windows\WER\Temp\WER4014.tmp.csv
\\?\C:\ProgramData\Microsoft\Windows\WER\Temp\WER4063.tmp.txt
\\?\C:\Users\Buffe\AppData\Local\Temp\WER40F2.tmp.appcompat.txt
\\?\C:\ProgramData\Microsoft\Windows\WER\ReportQueue\AppCrash_explorer.exe_8dd6e8efdb8e25bb921ff14af3a35ce11c7219_35bf31f6_cab_3f0f6a26-9370-42f8-9d03-18cd73441e92\memory.hdmp

These files may be available here:
\\?\C:\ProgramData\Microsoft\Windows\WER\ReportQueue\AppCrash_explorer.exe_8dd6e8efdb8e25bb921ff14af3a35ce11c7219_35bf31f6_cab_3f0f6a26-9370-42f8-9d03-18cd73441e92

Analysis symbol: 
Rechecking for solution: 0
Report Id: 27b61ab2-94f4-47a6-833f-928f40588d35
Report Status: 4
Hashed bucket: 
Cab Guid: 0
Additional Data:


Event #64
----------------------------------------
Time: 12/04/2025 20:10:12
Log: Application
Level: Error
Event ID: 1000
Provider: Application Error
Process ID: 0
Thread ID: 0

Message:
Faulting application name: explorer.exe, version: 10.0.19041.6456, time stamp: 0xfbcace5c
Faulting module name: shcore.dll, version: 10.0.19041.5794, time stamp: 0xe8391836
Exception code: 0xc0000005
Fault offset: 0x0000000000028137
Faulting process id: 0x8d40
Faulting application start time: 0x01dc658bc37dbee8
Faulting application path: C:\Windows\explorer.exe
Faulting module path: C:\Windows\System32\shcore.dll
Report Id: 27b61ab2-94f4-47a6-833f-928f40588d35
Faulting package full name: 
Faulting package-relative application ID: 
Additional Data:


Event #65
----------------------------------------
Time: 12/04/2025 20:06:26
Log: Application
Level: Information
Event ID: 1001
Provider: Windows Error Reporting
Process ID: 0
Thread ID: 0

Message:
Fault bucket 1379467929061685814, type 4
Event Name: APPCRASH
Response: Not available
Cab Id: 0

Problem signature:
P1: explorer.exe
P2: 10.0.19041.6456
P3: fbcace5c
P4: shcore.dll
P5: 10.0.19041.5794
P6: e8391836
P7: c0000005
P8: 0000000000028137
P9: 
P10: 

Attached files:
\\?\C:\ProgramData\Microsoft\Windows\WER\Temp\WERB7F6.tmp.mdmp
\\?\C:\ProgramData\Microsoft\Windows\WER\Temp\WERBCCA.tmp.WERInternalMetadata.xml
\\?\C:\ProgramData\Microsoft\Windows\WER\Temp\WERBDE4.tmp.xml
\\?\C:\ProgramData\Microsoft\Windows\WER\Temp\WERBE17.tmp.csv
\\?\C:\ProgramData\Microsoft\Windows\WER\Temp\WERBE95.tmp.txt
\\?\C:\Users\Buffe\AppData\Local\Temp\WERBF0F.tmp.appcompat.txt
\\?\C:\ProgramData\Microsoft\Windows\WER\ReportQueue\AppCrash_explorer.exe_8dd6e8efdb8e25bb921ff14af3a35ce11c7219_35bf31f6_cab_a9efc254-83c2-4d17-9a11-edb277924378\memory.hdmp

These files may be available here:
\\?\C:\ProgramData\Microsoft\Windows\WER\ReportArchive\AppCrash_explorer.exe_8dd6e8efdb8e25bb921ff14af3a35ce11c7219_35bf31f6_a9efc254-83c2-4d17-9a11-edb277924378

Analysis symbol: 
Rechecking for solution: 0
Report Id: 62f92e4e-0158-45fb-a02f-af0f82b3eecf
Report Status: 268435456
Hashed bucket: fa3a0651ae1321b2f324dac5d2c3fa36
Cab Guid: 0
Additional Data:


Event #135
----------------------------------------
Time: 12/04/2025 20:06:26
Log: Application (WER)
Level: Information
Event ID: 1001
Provider: Windows Error Reporting
Process ID: 0
Thread ID: 0

Message:
Fault bucket 1379467929061685814, type 4
Event Name: APPCRASH
Response: Not available
Cab Id: 0

Problem signature:
P1: explorer.exe
P2: 10.0.19041.6456
P3: fbcace5c
P4: shcore.dll
P5: 10.0.19041.5794
P6: e8391836
P7: c0000005
P8: 0000000000028137
P9: 
P10: 

Attached files:
\\?\C:\ProgramData\Microsoft\Windows\WER\Temp\WERB7F6.tmp.mdmp
\\?\C:\ProgramData\Microsoft\Windows\WER\Temp\WERBCCA.tmp.WERInternalMetadata.xml
\\?\C:\ProgramData\Microsoft\Windows\WER\Temp\WERBDE4.tmp.xml
\\?\C:\ProgramData\Microsoft\Windows\WER\Temp\WERBE17.tmp.csv
\\?\C:\ProgramData\Microsoft\Windows\WER\Temp\WERBE95.tmp.txt
\\?\C:\Users\Buffe\AppData\Local\Temp\WERBF0F.tmp.appcompat.txt
\\?\C:\ProgramData\Microsoft\Windows\WER\ReportQueue\AppCrash_explorer.exe_8dd6e8efdb8e25bb921ff14af3a35ce11c7219_35bf31f6_cab_a9efc254-83c2-4d17-9a11-edb277924378\memory.hdmp

These files may be available here:
\\?\C:\ProgramData\Microsoft\Windows\WER\ReportArchive\AppCrash_explorer.exe_8dd6e8efdb8e25bb921ff14af3a35ce11c7219_35bf31f6_a9efc254-83c2-4d17-9a11-edb277924378

Analysis symbol: 
Rechecking for solution: 0
Report Id: 62f92e4e-0158-45fb-a02f-af0f82b3eecf
Report Status: 268435456
Hashed bucket: fa3a0651ae1321b2f324dac5d2c3fa36
Cab Guid: 0
Additional Data:


Event #136
----------------------------------------
Time: 12/04/2025 20:06:25
Log: Application (WER)
Level: Information
Event ID: 1001
Provider: Windows Error Reporting
Process ID: 0
Thread ID: 0

Message:
Fault bucket , type 0
Event Name: APPCRASH
Response: Not available
Cab Id: 0

Problem signature:
P1: explorer.exe
P2: 10.0.19041.6456
P3: fbcace5c
P4: shcore.dll
P5: 10.0.19041.5794
P6: e8391836
P7: c0000005
P8: 0000000000028137
P9: 
P10: 

Attached files:
\\?\C:\ProgramData\Microsoft\Windows\WER\Temp\WERB7F6.tmp.mdmp
\\?\C:\ProgramData\Microsoft\Windows\WER\Temp\WERBCCA.tmp.WERInternalMetadata.xml
\\?\C:\ProgramData\Microsoft\Windows\WER\Temp\WERBDE4.tmp.xml
\\?\C:\ProgramData\Microsoft\Windows\WER\Temp\WERBE17.tmp.csv
\\?\C:\ProgramData\Microsoft\Windows\WER\Temp\WERBE95.tmp.txt
\\?\C:\Users\Buffe\AppData\Local\Temp\WERBF0F.tmp.appcompat.txt
\\?\C:\ProgramData\Microsoft\Windows\WER\ReportQueue\AppCrash_explorer.exe_8dd6e8efdb8e25bb921ff14af3a35ce11c7219_35bf31f6_cab_a9efc254-83c2-4d17-9a11-edb277924378\memory.hdmp

These files may be available here:
\\?\C:\ProgramData\Microsoft\Windows\WER\ReportQueue\AppCrash_explorer.exe_8dd6e8efdb8e25bb921ff14af3a35ce11c7219_35bf31f6_cab_a9efc254-83c2-4d17-9a11-edb277924378

Analysis symbol: 
Rechecking for solution: 0
Report Id: 62f92e4e-0158-45fb-a02f-af0f82b3eecf
Report Status: 4
Hashed bucket: 
Cab Guid: 0
Additional Data:


Event #66
----------------------------------------
Time: 12/04/2025 20:06:25
Log: Application
Level: Information
Event ID: 1001
Provider: Windows Error Reporting
Process ID: 0
Thread ID: 0

Message:
Fault bucket , type 0
Event Name: APPCRASH
Response: Not available
Cab Id: 0

Problem signature:
P1: explorer.exe
P2: 10.0.19041.6456
P3: fbcace5c
P4: shcore.dll
P5: 10.0.19041.5794
P6: e8391836
P7: c0000005
P8: 0000000000028137
P9: 
P10: 

Attached files:
\\?\C:\ProgramData\Microsoft\Windows\WER\Temp\WERB7F6.tmp.mdmp
\\?\C:\ProgramData\Microsoft\Windows\WER\Temp\WERBCCA.tmp.WERInternalMetadata.xml
\\?\C:\ProgramData\Microsoft\Windows\WER\Temp\WERBDE4.tmp.xml
\\?\C:\ProgramData\Microsoft\Windows\WER\Temp\WERBE17.tmp.csv
\\?\C:\ProgramData\Microsoft\Windows\WER\Temp\WERBE95.tmp.txt
\\?\C:\Users\Buffe\AppData\Local\Temp\WERBF0F.tmp.appcompat.txt
\\?\C:\ProgramData\Microsoft\Windows\WER\ReportQueue\AppCrash_explorer.exe_8dd6e8efdb8e25bb921ff14af3a35ce11c7219_35bf31f6_cab_a9efc254-83c2-4d17-9a11-edb277924378\memory.hdmp

These files may be available here:
\\?\C:\ProgramData\Microsoft\Windows\WER\ReportQueue\AppCrash_explorer.exe_8dd6e8efdb8e25bb921ff14af3a35ce11c7219_35bf31f6_cab_a9efc254-83c2-4d17-9a11-edb277924378

Analysis symbol: 
Rechecking for solution: 0
Report Id: 62f92e4e-0158-45fb-a02f-af0f82b3eecf
Report Status: 4
Hashed bucket: 
Cab Guid: 0
Additional Data:


Event #67
----------------------------------------
Time: 12/04/2025 20:06:22
Log: Application
Level: Error
Event ID: 1000
Provider: Application Error
Process ID: 0
Thread ID: 0

Message:
Faulting application name: explorer.exe, version: 10.0.19041.6456, time stamp: 0xfbcace5c
Faulting module name: shcore.dll, version: 10.0.19041.5794, time stamp: 0xe8391836
Exception code: 0xc0000005
Fault offset: 0x0000000000028137
Faulting process id: 0x12c9c
Faulting application start time: 0x01dc658baa066b97
Faulting application path: C:\Windows\explorer.exe
Faulting module path: C:\Windows\System32\shcore.dll
Report Id: 62f92e4e-0158-45fb-a02f-af0f82b3eecf
Faulting package full name: 
Faulting package-relative application ID: 
Additional Data:


Event #137
----------------------------------------
Time: 12/04/2025 20:05:43
Log: Application (WER)
Level: Information
Event ID: 1001
Provider: Windows Error Reporting
Process ID: 0
Thread ID: 0

Message:
Fault bucket 1379467929061685814, type 4
Event Name: APPCRASH
Response: Not available
Cab Id: 0

Problem signature:
P1: explorer.exe
P2: 10.0.19041.6456
P3: fbcace5c
P4: shcore.dll
P5: 10.0.19041.5794
P6: e8391836
P7: c0000005
P8: 0000000000028137
P9: 
P10: 

Attached files:
\\?\C:\ProgramData\Microsoft\Windows\WER\Temp\WER102D.tmp.mdmp
\\?\C:\ProgramData\Microsoft\Windows\WER\Temp\WER160A.tmp.WERInternalMetadata.xml
\\?\C:\ProgramData\Microsoft\Windows\WER\Temp\WER16B7.tmp.xml
\\?\C:\ProgramData\Microsoft\Windows\WER\Temp\WER16B9.tmp.csv
\\?\C:\ProgramData\Microsoft\Windows\WER\Temp\WER1728.tmp.txt
\\?\C:\Users\Buffe\AppData\Local\Temp\WER17B3.tmp.appcompat.txt
\\?\C:\ProgramData\Microsoft\Windows\WER\ReportQueue\AppCrash_explorer.exe_8dd6e8efdb8e25bb921ff14af3a35ce11c7219_35bf31f6_cab_e01f445a-950f-4e04-bf86-ad7f3ab87d13\memory.hdmp

These files may be available here:
\\?\C:\ProgramData\Microsoft\Windows\WER\ReportArchive\AppCrash_explorer.exe_8dd6e8efdb8e25bb921ff14af3a35ce11c7219_35bf31f6_e01f445a-950f-4e04-bf86-ad7f3ab87d13

Analysis symbol: 
Rechecking for solution: 0
Report Id: 77b1cafe-e8dd-4bb6-bcc4-9bdf797bcbaa
Report Status: 268435456
Hashed bucket: fa3a0651ae1321b2f324dac5d2c3fa36
Cab Guid: 0
Additional Data:


Event #68
----------------------------------------
Time: 12/04/2025 20:05:43
Log: Application
Level: Information
Event ID: 1001
Provider: Windows Error Reporting
Process ID: 0
Thread ID: 0

Message:
Fault bucket 1379467929061685814, type 4
Event Name: APPCRASH
Response: Not available
Cab Id: 0

Problem signature:
P1: explorer.exe
P2: 10.0.19041.6456
P3: fbcace5c
P4: shcore.dll
P5: 10.0.19041.5794
P6: e8391836
P7: c0000005
P8: 0000000000028137
P9: 
P10: 

Attached files:
\\?\C:\ProgramData\Microsoft\Windows\WER\Temp\WER102D.tmp.mdmp
\\?\C:\ProgramData\Microsoft\Windows\WER\Temp\WER160A.tmp.WERInternalMetadata.xml
\\?\C:\ProgramData\Microsoft\Windows\WER\Temp\WER16B7.tmp.xml
\\?\C:\ProgramData\Microsoft\Windows\WER\Temp\WER16B9.tmp.csv
\\?\C:\ProgramData\Microsoft\Windows\WER\Temp\WER1728.tmp.txt
\\?\C:\Users\Buffe\AppData\Local\Temp\WER17B3.tmp.appcompat.txt
\\?\C:\ProgramData\Microsoft\Windows\WER\ReportQueue\AppCrash_explorer.exe_8dd6e8efdb8e25bb921ff14af3a35ce11c7219_35bf31f6_cab_e01f445a-950f-4e04-bf86-ad7f3ab87d13\memory.hdmp

These files may be available here:
\\?\C:\ProgramData\Microsoft\Windows\WER\ReportArchive\AppCrash_explorer.exe_8dd6e8efdb8e25bb921ff14af3a35ce11c7219_35bf31f6_e01f445a-950f-4e04-bf86-ad7f3ab87d13

Analysis symbol: 
Rechecking for solution: 0
Report Id: 77b1cafe-e8dd-4bb6-bcc4-9bdf797bcbaa
Report Status: 268435456
Hashed bucket: fa3a0651ae1321b2f324dac5d2c3fa36
Cab Guid: 0
Additional Data:


Event #69
----------------------------------------
Time: 12/04/2025 20:05:42
Log: Application
Level: Information
Event ID: 1001
Provider: Windows Error Reporting
Process ID: 0
Thread ID: 0

Message:
Fault bucket , type 0
Event Name: APPCRASH
Response: Not available
Cab Id: 0

Problem signature:
P1: explorer.exe
P2: 10.0.19041.6456
P3: fbcace5c
P4: shcore.dll
P5: 10.0.19041.5794
P6: e8391836
P7: c0000005
P8: 0000000000028137
P9: 
P10: 

Attached files:
\\?\C:\ProgramData\Microsoft\Windows\WER\Temp\WER102D.tmp.mdmp
\\?\C:\ProgramData\Microsoft\Windows\WER\Temp\WER160A.tmp.WERInternalMetadata.xml
\\?\C:\ProgramData\Microsoft\Windows\WER\Temp\WER16B7.tmp.xml
\\?\C:\ProgramData\Microsoft\Windows\WER\Temp\WER16B9.tmp.csv
\\?\C:\ProgramData\Microsoft\Windows\WER\Temp\WER1728.tmp.txt
\\?\C:\Users\Buffe\AppData\Local\Temp\WER17B3.tmp.appcompat.txt
\\?\C:\ProgramData\Microsoft\Windows\WER\ReportQueue\AppCrash_explorer.exe_8dd6e8efdb8e25bb921ff14af3a35ce11c7219_35bf31f6_cab_e01f445a-950f-4e04-bf86-ad7f3ab87d13\memory.hdmp

These files may be available here:
\\?\C:\ProgramData\Microsoft\Windows\WER\ReportQueue\AppCrash_explorer.exe_8dd6e8efdb8e25bb921ff14af3a35ce11c7219_35bf31f6_cab_e01f445a-950f-4e04-bf86-ad7f3ab87d13

Analysis symbol: 
Rechecking for solution: 0
Report Id: 77b1cafe-e8dd-4bb6-bcc4-9bdf797bcbaa
Report Status: 4
Hashed bucket: 
Cab Guid: 0
Additional Data:


Event #138
----------------------------------------
Time: 12/04/2025 20:05:42
Log: Application (WER)
Level: Information
Event ID: 1001
Provider: Windows Error Reporting
Process ID: 0
Thread ID: 0

Message:
Fault bucket , type 0
Event Name: APPCRASH
Response: Not available
Cab Id: 0

Problem signature:
P1: explorer.exe
P2: 10.0.19041.6456
P3: fbcace5c
P4: shcore.dll
P5: 10.0.19041.5794
P6: e8391836
P7: c0000005
P8: 0000000000028137
P9: 
P10: 

Attached files:
\\?\C:\ProgramData\Microsoft\Windows\WER\Temp\WER102D.tmp.mdmp
\\?\C:\ProgramData\Microsoft\Windows\WER\Temp\WER160A.tmp.WERInternalMetadata.xml
\\?\C:\ProgramData\Microsoft\Windows\WER\Temp\WER16B7.tmp.xml
\\?\C:\ProgramData\Microsoft\Windows\WER\Temp\WER16B9.tmp.csv
\\?\C:\ProgramData\Microsoft\Windows\WER\Temp\WER1728.tmp.txt
\\?\C:\Users\Buffe\AppData\Local\Temp\WER17B3.tmp.appcompat.txt
\\?\C:\ProgramData\Microsoft\Windows\WER\ReportQueue\AppCrash_explorer.exe_8dd6e8efdb8e25bb921ff14af3a35ce11c7219_35bf31f6_cab_e01f445a-950f-4e04-bf86-ad7f3ab87d13\memory.hdmp

These files may be available here:
\\?\C:\ProgramData\Microsoft\Windows\WER\ReportQueue\AppCrash_explorer.exe_8dd6e8efdb8e25bb921ff14af3a35ce11c7219_35bf31f6_cab_e01f445a-950f-4e04-bf86-ad7f3ab87d13

Analysis symbol: 
Rechecking for solution: 0
Report Id: 77b1cafe-e8dd-4bb6-bcc4-9bdf797bcbaa
Report Status: 4
Hashed bucket: 
Cab Guid: 0
Additional Data:


Event #70
----------------------------------------
Time: 12/04/2025 20:05:39
Log: Application
Level: Error
Event ID: 1000
Provider: Application Error
Process ID: 0
Thread ID: 0

Message:
Faulting application name: explorer.exe, version: 10.0.19041.6456, time stamp: 0xfbcace5c
Faulting module name: shcore.dll, version: 10.0.19041.5794, time stamp: 0xe8391836
Exception code: 0xc0000005
Fault offset: 0x0000000000028137
Faulting process id: 0x64fc
Faulting application start time: 0x01dc658b5982bc08
Faulting application path: C:\Windows\explorer.exe
Faulting module path: C:\Windows\System32\shcore.dll
Report Id: 77b1cafe-e8dd-4bb6-bcc4-9bdf797bcbaa
Faulting package full name: 
Faulting package-relative application ID: 
Additional Data:


Event #139
----------------------------------------
Time: 12/04/2025 20:04:29
Log: Application (WER)
Level: Information
Event ID: 1001
Provider: Windows Error Reporting
Process ID: 0
Thread ID: 0

Message:
Fault bucket 2261516760164610096, type 4
Event Name: APPCRASH
Response: Not available
Cab Id: 0

Problem signature:
P1: explorer.exe
P2: 10.0.19041.6456
P3: fbcace5c
P4: shcore.dll
P5: 10.0.19041.5794
P6: e8391836
P7: c000041d
P8: 0000000000028137
P9: 
P10: 

Attached files:
\\?\C:\ProgramData\Microsoft\Windows\WER\Temp\WERFC6C.tmp.mdmp
\\?\C:\ProgramData\Microsoft\Windows\WER\Temp\WERFDE4.tmp.WERInternalMetadata.xml
\\?\C:\ProgramData\Microsoft\Windows\WER\Temp\WERFE62.tmp.xml
\\?\C:\ProgramData\Microsoft\Windows\WER\Temp\WERFE71.tmp.csv
\\?\C:\ProgramData\Microsoft\Windows\WER\Temp\WERFEC0.tmp.txt

These files may be available here:
\\?\C:\ProgramData\Microsoft\Windows\WER\ReportArchive\AppCrash_explorer.exe_b53eb5e36ef49850ded8eac596bb6b5d3e3d74_35bf31f6_f2d1a582-2130-44bf-8a86-a23a0f43a00a

Analysis symbol: 
Rechecking for solution: 0
Report Id: 60c247a6-7f41-48f5-b188-a77a0947f331
Report Status: 268435456
Hashed bucket: a9fb134bb7660ef8cf628582e7343030
Cab Guid: 0
Additional Data:


Event #71
----------------------------------------
Time: 12/04/2025 20:04:29
Log: Application
Level: Information
Event ID: 1001
Provider: Windows Error Reporting
Process ID: 0
Thread ID: 0

Message:
Fault bucket 2261516760164610096, type 4
Event Name: APPCRASH
Response: Not available
Cab Id: 0

Problem signature:
P1: explorer.exe
P2: 10.0.19041.6456
P3: fbcace5c
P4: shcore.dll
P5: 10.0.19041.5794
P6: e8391836
P7: c000041d
P8: 0000000000028137
P9: 
P10: 

Attached files:
\\?\C:\ProgramData\Microsoft\Windows\WER\Temp\WERFC6C.tmp.mdmp
\\?\C:\ProgramData\Microsoft\Windows\WER\Temp\WERFDE4.tmp.WERInternalMetadata.xml
\\?\C:\ProgramData\Microsoft\Windows\WER\Temp\WERFE62.tmp.xml
\\?\C:\ProgramData\Microsoft\Windows\WER\Temp\WERFE71.tmp.csv
\\?\C:\ProgramData\Microsoft\Windows\WER\Temp\WERFEC0.tmp.txt

These files may be available here:
\\?\C:\ProgramData\Microsoft\Windows\WER\ReportArchive\AppCrash_explorer.exe_b53eb5e36ef49850ded8eac596bb6b5d3e3d74_35bf31f6_f2d1a582-2130-44bf-8a86-a23a0f43a00a

Analysis symbol: 
Rechecking for solution: 0
Report Id: 60c247a6-7f41-48f5-b188-a77a0947f331
Report Status: 268435456
Hashed bucket: a9fb134bb7660ef8cf628582e7343030
Cab Guid: 0
Additional Data:


Event #72
----------------------------------------
Time: 12/04/2025 20:04:28
Log: Application
Level: Error
Event ID: 1000
Provider: Application Error
Process ID: 0
Thread ID: 0

Message:
Faulting application name: explorer.exe, version: 10.0.19041.6456, time stamp: 0xfbcace5c
Faulting module name: shcore.dll, version: 10.0.19041.5794, time stamp: 0xe8391836
Exception code: 0xc000041d
Fault offset: 0x0000000000028137
Faulting process id: 0x6170
Faulting application start time: 0x01dc658b75470997
Faulting application path: C:\Windows\explorer.exe
Faulting module path: C:\Windows\System32\shcore.dll
Report Id: 60c247a6-7f41-48f5-b188-a77a0947f331
Faulting package full name: 
Faulting package-relative application ID: 
Additional Data:


Event #140
----------------------------------------
Time: 12/04/2025 20:04:28
Log: Application (WER)
Level: Information
Event ID: 1001
Provider: Windows Error Reporting
Process ID: 0
Thread ID: 0

Message:
Fault bucket 1379467929061685814, type 4
Event Name: APPCRASH
Response: Not available
Cab Id: 0

Problem signature:
P1: explorer.exe
P2: 10.0.19041.6456
P3: fbcace5c
P4: shcore.dll
P5: 10.0.19041.5794
P6: e8391836
P7: c0000005
P8: 0000000000028137
P9: 
P10: 

Attached files:
\\?\C:\ProgramData\Microsoft\Windows\WER\Temp\WERF43E.tmp.mdmp
\\?\C:\ProgramData\Microsoft\Windows\WER\Temp\WERF5E5.tmp.WERInternalMetadata.xml
\\?\C:\ProgramData\Microsoft\Windows\WER\Temp\WERF692.tmp.xml
\\?\C:\ProgramData\Microsoft\Windows\WER\Temp\WERF69F.tmp.csv
\\?\C:\ProgramData\Microsoft\Windows\WER\Temp\WERF6EE.tmp.txt

These files may be available here:
\\?\C:\ProgramData\Microsoft\Windows\WER\ReportArchive\AppCrash_explorer.exe_8dd6e8efdb8e25bb921ff14af3a35ce11c7219_35bf31f6_68678892-7766-4806-b1a0-80aa54c7dbb5

Analysis symbol: 
Rechecking for solution: 0
Report Id: 3c2ad0df-26dc-4e45-8519-c606cba806ba
Report Status: 268435456
Hashed bucket: fa3a0651ae1321b2f324dac5d2c3fa36
Cab Guid: 0
Additional Data:


Event #73
----------------------------------------
Time: 12/04/2025 20:04:28
Log: Application
Level: Information
Event ID: 1001
Provider: Windows Error Reporting
Process ID: 0
Thread ID: 0

Message:
Fault bucket 1379467929061685814, type 4
Event Name: APPCRASH
Response: Not available
Cab Id: 0

Problem signature:
P1: explorer.exe
P2: 10.0.19041.6456
P3: fbcace5c
P4: shcore.dll
P5: 10.0.19041.5794
P6: e8391836
P7: c0000005
P8: 0000000000028137
P9: 
P10: 

Attached files:
\\?\C:\ProgramData\Microsoft\Windows\WER\Temp\WERF43E.tmp.mdmp
\\?\C:\ProgramData\Microsoft\Windows\WER\Temp\WERF5E5.tmp.WERInternalMetadata.xml
\\?\C:\ProgramData\Microsoft\Windows\WER\Temp\WERF692.tmp.xml
\\?\C:\ProgramData\Microsoft\Windows\WER\Temp\WERF69F.tmp.csv
\\?\C:\ProgramData\Microsoft\Windows\WER\Temp\WERF6EE.tmp.txt

These files may be available here:
\\?\C:\ProgramData\Microsoft\Windows\WER\ReportArchive\AppCrash_explorer.exe_8dd6e8efdb8e25bb921ff14af3a35ce11c7219_35bf31f6_68678892-7766-4806-b1a0-80aa54c7dbb5

Analysis symbol: 
Rechecking for solution: 0
Report Id: 3c2ad0df-26dc-4e45-8519-c606cba806ba
Report Status: 268435456
Hashed bucket: fa3a0651ae1321b2f324dac5d2c3fa36
Cab Guid: 0
Additional Data:


Event #74
----------------------------------------
Time: 12/04/2025 20:04:26
Log: Application
Level: Error
Event ID: 1000
Provider: Application Error
Process ID: 0
Thread ID: 0

Message:
Faulting application name: explorer.exe, version: 10.0.19041.6456, time stamp: 0xfbcace5c
Faulting module name: shcore.dll, version: 10.0.19041.5794, time stamp: 0xe8391836
Exception code: 0xc0000005
Fault offset: 0x0000000000028137
Faulting process id: 0x6170
Faulting application start time: 0x01dc658b75470997
Faulting application path: C:\Windows\explorer.exe
Faulting module path: C:\Windows\System32\shcore.dll
Report Id: 3c2ad0df-26dc-4e45-8519-c606cba806ba
Faulting package full name: 
Faulting package-relative application ID: 
Additional Data:


Event #75
----------------------------------------
Time: 12/04/2025 19:58:54
Log: Application
Level: Information
Event ID: 1001
Provider: Windows Error Reporting
Process ID: 0
Thread ID: 0

Message:
Fault bucket 1379467929061685814, type 4
Event Name: APPCRASH
Response: Not available
Cab Id: 0

Problem signature:
P1: explorer.exe
P2: 10.0.19041.6456
P3: fbcace5c
P4: shcore.dll
P5: 10.0.19041.5794
P6: e8391836
P7: c0000005
P8: 0000000000028137
P9: 
P10: 

Attached files:
\\?\C:\ProgramData\Microsoft\Windows\WER\Temp\WERD1D9.tmp.mdmp
\\?\C:\ProgramData\Microsoft\Windows\WER\Temp\WERD65F.tmp.WERInternalMetadata.xml
\\?\C:\ProgramData\Microsoft\Windows\WER\Temp\WERD6EC.tmp.xml
\\?\C:\ProgramData\Microsoft\Windows\WER\Temp\WERD6FA.tmp.csv
\\?\C:\ProgramData\Microsoft\Windows\WER\Temp\WERD749.tmp.txt
\\?\C:\Users\Buffe\AppData\Local\Temp\WERD7C9.tmp.appcompat.txt
\\?\C:\ProgramData\Microsoft\Windows\WER\ReportQueue\AppCrash_explorer.exe_8dd6e8efdb8e25bb921ff14af3a35ce11c7219_35bf31f6_cab_915185b5-dc3c-4a11-baee-3476bea6906f\memory.hdmp

These files may be available here:
\\?\C:\ProgramData\Microsoft\Windows\WER\ReportArchive\AppCrash_explorer.exe_8dd6e8efdb8e25bb921ff14af3a35ce11c7219_35bf31f6_915185b5-dc3c-4a11-baee-3476bea6906f

Analysis symbol: 
Rechecking for solution: 0
Report Id: 9d0914a0-9908-4558-9545-3881010edf31
Report Status: 268435456
Hashed bucket: fa3a0651ae1321b2f324dac5d2c3fa36
Cab Guid: 0
Additional Data:


Event #141
----------------------------------------
Time: 12/04/2025 19:58:54
Log: Application (WER)
Level: Information
Event ID: 1001
Provider: Windows Error Reporting
Process ID: 0
Thread ID: 0

Message:
Fault bucket 1379467929061685814, type 4
Event Name: APPCRASH
Response: Not available
Cab Id: 0

Problem signature:
P1: explorer.exe
P2: 10.0.19041.6456
P3: fbcace5c
P4: shcore.dll
P5: 10.0.19041.5794
P6: e8391836
P7: c0000005
P8: 0000000000028137
P9: 
P10: 

Attached files:
\\?\C:\ProgramData\Microsoft\Windows\WER\Temp\WERD1D9.tmp.mdmp
\\?\C:\ProgramData\Microsoft\Windows\WER\Temp\WERD65F.tmp.WERInternalMetadata.xml
\\?\C:\ProgramData\Microsoft\Windows\WER\Temp\WERD6EC.tmp.xml
\\?\C:\ProgramData\Microsoft\Windows\WER\Temp\WERD6FA.tmp.csv
\\?\C:\ProgramData\Microsoft\Windows\WER\Temp\WERD749.tmp.txt
\\?\C:\Users\Buffe\AppData\Local\Temp\WERD7C9.tmp.appcompat.txt
\\?\C:\ProgramData\Microsoft\Windows\WER\ReportQueue\AppCrash_explorer.exe_8dd6e8efdb8e25bb921ff14af3a35ce11c7219_35bf31f6_cab_915185b5-dc3c-4a11-baee-3476bea6906f\memory.hdmp

These files may be available here:
\\?\C:\ProgramData\Microsoft\Windows\WER\ReportArchive\AppCrash_explorer.exe_8dd6e8efdb8e25bb921ff14af3a35ce11c7219_35bf31f6_915185b5-dc3c-4a11-baee-3476bea6906f

Analysis symbol: 
Rechecking for solution: 0
Report Id: 9d0914a0-9908-4558-9545-3881010edf31
Report Status: 268435456
Hashed bucket: fa3a0651ae1321b2f324dac5d2c3fa36
Cab Guid: 0
Additional Data:


Event #142
----------------------------------------
Time: 12/04/2025 19:58:53
Log: Application (WER)
Level: Information
Event ID: 1001
Provider: Windows Error Reporting
Process ID: 0
Thread ID: 0

Message:
Fault bucket , type 0
Event Name: APPCRASH
Response: Not available
Cab Id: 0

Problem signature:
P1: explorer.exe
P2: 10.0.19041.6456
P3: fbcace5c
P4: shcore.dll
P5: 10.0.19041.5794
P6: e8391836
P7: c0000005
P8: 0000000000028137
P9: 
P10: 

Attached files:
\\?\C:\ProgramData\Microsoft\Windows\WER\Temp\WERD1D9.tmp.mdmp
\\?\C:\ProgramData\Microsoft\Windows\WER\Temp\WERD65F.tmp.WERInternalMetadata.xml
\\?\C:\ProgramData\Microsoft\Windows\WER\Temp\WERD6EC.tmp.xml
\\?\C:\ProgramData\Microsoft\Windows\WER\Temp\WERD6FA.tmp.csv
\\?\C:\ProgramData\Microsoft\Windows\WER\Temp\WERD749.tmp.txt
\\?\C:\Users\Buffe\AppData\Local\Temp\WERD7C9.tmp.appcompat.txt
\\?\C:\ProgramData\Microsoft\Windows\WER\ReportQueue\AppCrash_explorer.exe_8dd6e8efdb8e25bb921ff14af3a35ce11c7219_35bf31f6_cab_915185b5-dc3c-4a11-baee-3476bea6906f\memory.hdmp

These files may be available here:
\\?\C:\ProgramData\Microsoft\Windows\WER\ReportQueue\AppCrash_explorer.exe_8dd6e8efdb8e25bb921ff14af3a35ce11c7219_35bf31f6_cab_915185b5-dc3c-4a11-baee-3476bea6906f

Analysis symbol: 
Rechecking for solution: 0
Report Id: 9d0914a0-9908-4558-9545-3881010edf31
Report Status: 4
Hashed bucket: 
Cab Guid: 0
Additional Data:


Event #76
----------------------------------------
Time: 12/04/2025 19:58:53
Log: Application
Level: Information
Event ID: 1001
Provider: Windows Error Reporting
Process ID: 0
Thread ID: 0

Message:
Fault bucket , type 0
Event Name: APPCRASH
Response: Not available
Cab Id: 0

Problem signature:
P1: explorer.exe
P2: 10.0.19041.6456
P3: fbcace5c
P4: shcore.dll
P5: 10.0.19041.5794
P6: e8391836
P7: c0000005
P8: 0000000000028137
P9: 
P10: 

Attached files:
\\?\C:\ProgramData\Microsoft\Windows\WER\Temp\WERD1D9.tmp.mdmp
\\?\C:\ProgramData\Microsoft\Windows\WER\Temp\WERD65F.tmp.WERInternalMetadata.xml
\\?\C:\ProgramData\Microsoft\Windows\WER\Temp\WERD6EC.tmp.xml
\\?\C:\ProgramData\Microsoft\Windows\WER\Temp\WERD6FA.tmp.csv
\\?\C:\ProgramData\Microsoft\Windows\WER\Temp\WERD749.tmp.txt
\\?\C:\Users\Buffe\AppData\Local\Temp\WERD7C9.tmp.appcompat.txt
\\?\C:\ProgramData\Microsoft\Windows\WER\ReportQueue\AppCrash_explorer.exe_8dd6e8efdb8e25bb921ff14af3a35ce11c7219_35bf31f6_cab_915185b5-dc3c-4a11-baee-3476bea6906f\memory.hdmp

These files may be available here:
\\?\C:\ProgramData\Microsoft\Windows\WER\ReportQueue\AppCrash_explorer.exe_8dd6e8efdb8e25bb921ff14af3a35ce11c7219_35bf31f6_cab_915185b5-dc3c-4a11-baee-3476bea6906f

Analysis symbol: 
Rechecking for solution: 0
Report Id: 9d0914a0-9908-4558-9545-3881010edf31
Report Status: 4
Hashed bucket: 
Cab Guid: 0
Additional Data:


Event #77
----------------------------------------
Time: 12/04/2025 19:58:49
Log: Application
Level: Error
Event ID: 1000
Provider: Application Error
Process ID: 0
Thread ID: 0

Message:
Faulting application name: explorer.exe, version: 10.0.19041.6456, time stamp: 0xfbcace5c
Faulting module name: shcore.dll, version: 10.0.19041.5794, time stamp: 0xe8391836
Exception code: 0xc0000005
Fault offset: 0x0000000000028137
Faulting process id: 0x12c9c
Faulting application start time: 0x01dc6585ecad6519
Faulting application path: C:\Windows\explorer.exe
Faulting module path: C:\Windows\System32\shcore.dll
Report Id: 9d0914a0-9908-4558-9545-3881010edf31
Faulting package full name: 
Faulting package-relative application ID: 
Additional Data:


